<?xml version="1.0" encoding="UTF-8"?>
<!-- Generated by org.testng.reporters.JUnitXMLReporter -->
<testsuite hostname="LAPTOP-TM7CHUTQ" ignored="7" name="Default test" tests="1" failures="0" timestamp="2020-06-02T14:57:50 IST" time="9.154" errors="0">
  <testcase name="testCase1M1" time="0.532" classname="com.wellsfargo.TestCases.Module1"/>
  <testcase name="verifyDays" time="0.0" classname="com.wellsfargo.TestCases.Module1">
    <ignored/>
  </testcase> <!-- verifyDays -->
  <testcase name="testCaseSkipException" time="0.0" classname="com.wellsfargo.TestCases.Module1">
    <ignored/>
  </testcase> <!-- testCaseSkipException -->
  <testcase name="sampleTable" time="0.0" classname="com.wellsfargo.TestCases.Module1">
    <ignored/>
  </testcase> <!-- sampleTable -->
  <testcase name="testCaseEnabling" time="0.0" classname="com.wellsfargo.TestCases.Module1">
    <ignored/>
  </testcase> <!-- testCaseEnabling -->
  <testcase name="testCase2M1" time="0.0" classname="com.wellsfargo.TestCases.Module1">
    <ignored/>
  </testcase> <!-- testCase2M1 -->
  <testcase name="testCaseConditionalSkipException" time="0.0" classname="com.wellsfargo.TestCases.Module1">
    <ignored/>
  </testcase> <!-- testCaseConditionalSkipException -->
  <testcase name="testCase3M1" time="0.0" classname="com.wellsfargo.TestCases.Module1">
    <ignored/>
  </testcase> <!-- testCase3M1 -->
</testsuite> <!-- Default test -->
