<?xml version="1.0" encoding="UTF-8"?>
<!-- Generated by org.testng.reporters.JUnitXMLReporter -->
<testsuite ignored="2" hostname="LAPTOP-TM7CHUTQ" failures="0" tests="1" name="TestGoogle(failed)" time="10.266" errors="0" timestamp="2020-04-19T20:25:15 IST">
  <testcase classname="com.wellsfargo.TestCases.Module1" name="testCase3M1" time="2.174"/>
  <testcase classname="com.wellsfargo.TestCases.Module1" name="testCase1M1" time="0.0">
    <ignored/>
  </testcase> <!-- testCase1M1 -->
  <testcase classname="com.wellsfargo.TestCases.Module1" name="testCase2M1" time="0.0">
    <ignored/>
  </testcase> <!-- testCase2M1 -->
</testsuite> <!-- TestGoogle(failed) -->
